<?xml version="1.0" encoding="UTF-8"?>
<!-- Generated by org.testng.reporters.JUnitReportReporter -->
<testsuite hostname="LAPTOP-5M6A98T7" name="testCases.LoginTest" tests="1" failures="0" timestamp="2 Mar 2019 07:30:33 GMT" time="9.410" errors="0">
  <testcase name="test" time="9.410" classname="testCases.LoginTest"/>
</testsuite> <!-- testCases.LoginTest -->
